Dragons/Library/Bee/Android/Prj/IL2CPP/Gradle/unityLibrary/build/intermediates/manifest_merge_blame_file/release/processReleaseManifest/manifest-merger-blame-release-report.txt
1<?xml version="1.0" encoding="utf-8"?>
2<manifest xmlns:android="http://schemas.android.com/apk/res/android"
3    xmlns:tools="http://schemas.android.com/tools"
4    package="com.unity3d.player" >
5
6    <uses-sdk android:minSdkVersion="24" />
7
8    <uses-permission android:name="android.permission.INTERNET" />
8-->src\main\AndroidManifest.xml:3:3-65
8-->src\main\AndroidManifest.xml:3:20-62
9
10    <uses-feature android:glEsVersion="0x00030000" />
10-->src\main\AndroidManifest.xml:4:3-52
10-->src\main\AndroidManifest.xml:4:17-49
11    <uses-feature
11-->src\main\AndroidManifest.xml:5:3-88
12        android:name="android.hardware.touchscreen"
12-->src\main\AndroidManifest.xml:5:17-60
13        android:required="false" />
13-->src\main\AndroidManifest.xml:5:61-85
14    <uses-feature
14-->src\main\AndroidManifest.xml:6:3-99
15        android:name="android.hardware.touchscreen.multitouch"
15-->src\main\AndroidManifest.xml:6:17-71
16        android:required="false" />
16-->src\main\AndroidManifest.xml:6:72-96
17    <uses-feature
17-->src\main\AndroidManifest.xml:7:3-108
18        android:name="android.hardware.touchscreen.multitouch.distinct"
18-->src\main\AndroidManifest.xml:7:17-80
19        android:required="false" />
19-->src\main\AndroidManifest.xml:7:81-105
20
21    <uses-permission android:name="android.permission.CAMERA" />
21-->src\main\AndroidManifest.xml:31:3-63
21-->src\main\AndroidManifest.xml:31:20-60
22
23    <uses-feature
23-->src\main\AndroidManifest.xml:32:3-85
24        android:name="android.hardware.camera.ar"
24-->src\main\AndroidManifest.xml:32:17-58
25        android:required="true" />
25-->src\main\AndroidManifest.xml:32:59-82
26    <uses-feature
26-->src\main\AndroidManifest.xml:33:3-83
27        android:name="com.google.ar.core.depth"
27-->src\main\AndroidManifest.xml:33:17-56
28        android:required="true" />
28-->src\main\AndroidManifest.xml:33:57-80
29
30    <application
30-->src\main\AndroidManifest.xml:8:3-30:17
31        android:enableOnBackInvokedCallback="false"
31-->src\main\AndroidManifest.xml:8:16-59
32        android:extractNativeLibs="true" >
32-->src\main\AndroidManifest.xml:8:60-92
33        <meta-data
33-->src\main\AndroidManifest.xml:9:5-69
34            android:name="unity.splash-mode"
34-->src\main\AndroidManifest.xml:9:16-48
35            android:value="0" />
35-->src\main\AndroidManifest.xml:9:49-66
36        <meta-data
36-->src\main\AndroidManifest.xml:10:5-74
37            android:name="unity.splash-enable"
37-->src\main\AndroidManifest.xml:10:16-50
38            android:value="True" />
38-->src\main\AndroidManifest.xml:10:51-71
39        <meta-data
39-->src\main\AndroidManifest.xml:11:5-78
40            android:name="unity.launch-fullscreen"
40-->src\main\AndroidManifest.xml:11:16-54
41            android:value="True" />
41-->src\main\AndroidManifest.xml:11:55-75
42        <meta-data
42-->src\main\AndroidManifest.xml:12:5-84
43            android:name="unity.render-outside-safearea"
43-->src\main\AndroidManifest.xml:12:16-60
44            android:value="True" />
44-->src\main\AndroidManifest.xml:12:61-81
45        <meta-data
45-->src\main\AndroidManifest.xml:13:5-81
46            android:name="notch.config"
46-->src\main\AndroidManifest.xml:13:16-43
47            android:value="portrait|landscape" />
47-->src\main\AndroidManifest.xml:13:44-78
48        <meta-data
48-->src\main\AndroidManifest.xml:14:5-84
49            android:name="unity.auto-report-fully-drawn"
49-->src\main\AndroidManifest.xml:14:16-60
50            android:value="true" />
50-->src\main\AndroidManifest.xml:14:61-81
51        <meta-data
51-->src\main\AndroidManifest.xml:15:5-80
52            android:name="unity.auto-set-game-state"
52-->src\main\AndroidManifest.xml:15:16-56
53            android:value="true" />
53-->src\main\AndroidManifest.xml:15:57-77
54        <meta-data
54-->src\main\AndroidManifest.xml:16:5-78
55            android:name="unity.strip-engine-code"
55-->src\main\AndroidManifest.xml:16:16-54
56            android:value="true" />
56-->src\main\AndroidManifest.xml:16:55-75
57
58        <activity
58-->src\main\AndroidManifest.xml:17:5-27:16
59            android:name="com.unity3d.player.UnityPlayerGameActivity"
59-->src\main\AndroidManifest.xml:17:312-369
60            android:configChanges="mcc|mnc|locale|touchscreen|keyboard|keyboardHidden|navigation|orientation|screenLayout|uiMode|screenSize|smallestScreenSize|fontScale|layoutDirection|density"
60-->src\main\AndroidManifest.xml:17:15-196
61            android:enabled="true"
61-->src\main\AndroidManifest.xml:17:197-219
62            android:exported="true"
62-->src\main\AndroidManifest.xml:17:220-243
63            android:hardwareAccelerated="false"
63-->src\main\AndroidManifest.xml:17:244-279
64            android:launchMode="singleTask"
64-->src\main\AndroidManifest.xml:17:280-311
65            android:resizeableActivity="true"
65-->src\main\AndroidManifest.xml:17:370-403
66            android:screenOrientation="fullUser"
66-->src\main\AndroidManifest.xml:17:404-440
67            android:theme="@style/BaseUnityGameActivityTheme" >
67-->src\main\AndroidManifest.xml:17:441-490
68            <intent-filter>
68-->src\main\AndroidManifest.xml:18:7-21:23
69                <category android:name="android.intent.category.LAUNCHER" />
69-->src\main\AndroidManifest.xml:19:9-69
69-->src\main\AndroidManifest.xml:19:19-66
70
71                <action android:name="android.intent.action.MAIN" />
71-->src\main\AndroidManifest.xml:20:9-61
71-->src\main\AndroidManifest.xml:20:17-58
72            </intent-filter>
73
74            <meta-data
74-->src\main\AndroidManifest.xml:22:7-82
75                android:name="unityplayer.UnityActivity"
75-->src\main\AndroidManifest.xml:22:18-58
76                android:value="true" />
76-->src\main\AndroidManifest.xml:22:59-79
77            <meta-data
77-->src\main\AndroidManifest.xml:23:7-77
78                android:name="android.app.lib_name"
78-->src\main\AndroidManifest.xml:23:18-53
79                android:value="game" />
79-->src\main\AndroidManifest.xml:23:54-74
80            <meta-data
80-->src\main\AndroidManifest.xml:24:7-130
81                android:name="WindowManagerPreference:FreeformWindowSize"
81-->src\main\AndroidManifest.xml:24:18-75
82                android:value="@string/FreeformWindowSize_maximize" />
82-->src\main\AndroidManifest.xml:24:76-127
83            <meta-data
83-->src\main\AndroidManifest.xml:25:7-145
84                android:name="WindowManagerPreference:FreeformWindowOrientation"
84-->src\main\AndroidManifest.xml:25:18-82
85                android:value="@string/FreeformWindowOrientation_landscape" />
85-->src\main\AndroidManifest.xml:25:83-142
86            <meta-data
86-->src\main\AndroidManifest.xml:26:7-70
87                android:name="notch_support"
87-->src\main\AndroidManifest.xml:26:18-46
88                android:value="true" />
88-->src\main\AndroidManifest.xml:26:47-67
89        </activity>
90
91        <meta-data
91-->src\main\AndroidManifest.xml:28:5-88
92            android:name="unityplayer.SkipPermissionsDialog"
92-->src\main\AndroidManifest.xml:28:16-64
93            android:value="true" />
93-->src\main\AndroidManifest.xml:28:65-85
94        <meta-data
94-->src\main\AndroidManifest.xml:29:5-77
95            android:name="com.google.ar.core"
95-->src\main\AndroidManifest.xml:29:16-49
96            android:value="required" />
96-->src\main\AndroidManifest.xml:29:50-74
97    </application>
98
99</manifest>